<?xml version="1.0" encoding="UTF-8"?>
<!-- Generated by org.testng.reporters.JUnitReportReporter -->
<testsuite hostname="ASHKOL" failures="0" tests="6" name="api.tests.DdUserTests" time="19.130" errors="0" timestamp="2025-08-20T23:43:31 IST" skipped="0">
  <testcase classname="api.tests.DdUserTests" name="creatUsers" time="1.536"/>
  <testcase classname="api.tests.DdUserTests" name="creatUsers" time="1.652"/>
  <testcase classname="api.tests.DdUserTests" name="creatUsers" time="4.529"/>
  <testcase classname="api.tests.DdUserTests" name="getUsers" time="1.578"/>
  <testcase classname="api.tests.DdUserTests" name="getUsers" time="1.564"/>
  <testcase classname="api.tests.DdUserTests" name="getUsers" time="8.271"/>
</testsuite> <!-- api.tests.DdUserTests -->
