<?xml version="1.0" encoding="UTF-8"?>
<!-- Generated by org.testng.reporters.JUnitReportReporter -->
<testsuite hostname="ASHKOL" failures="0" tests="1" name="api.tests.PetTests" time="5.316" errors="0" timestamp="2025-08-30T23:49:30 IST" skipped="0">
  <testcase classname="api.tests.PetTests" name="putPet" time="5.316"/>
</testsuite> <!-- api.tests.PetTests -->
