<?xml version="1.0" encoding="UTF-8"?>
<!-- Generated by org.testng.reporters.JUnitReportReporter -->
<testsuite hostname="ASHKOL" failures="0" tests="1" name="api.tests.UserTests" time="3.867" errors="0" timestamp="2025-08-27T16:40:34 IST" skipped="0">
  <testcase classname="api.tests.UserTests" name="createUsers" time="3.867"/>
</testsuite> <!-- api.tests.UserTests -->
