<?xml version="1.0" encoding="UTF-8"?>
<!-- Generated by org.testng.reporters.JUnitReportReporter -->
<testsuite hostname="ASHKOL" failures="0" tests="1" name="api.tests.StoreTests" time="3.865" errors="0" timestamp="2025-08-27T16:50:56 IST" skipped="0">
  <testcase classname="api.tests.StoreTests" name="createOrder" time="3.865"/>
</testsuite> <!-- api.tests.StoreTests -->
