<?xml version="1.0" encoding="UTF-8"?>
<!-- Generated by org.testng.reporters.JUnitReportReporter -->
<testsuite hostname="ASHKOL" failures="0" tests="1" name="api.tests.UserTests" time="4.026" errors="0" timestamp="2025-08-27T14:46:43 IST" skipped="0">
  <testcase classname="api.tests.UserTests" name="createUsers" time="4.026"/>
</testsuite> <!-- api.tests.UserTests -->
