<?xml version="1.0" encoding="UTF-8"?>
<!-- Generated by org.testng.reporters.JUnitReportReporter -->
<testsuite hostname="ASHKOL" failures="0" tests="1" name="api.tests.PetTests" time="4.675" errors="0" timestamp="2025-08-29T16:49:06 IST" skipped="0">
  <testcase classname="api.tests.PetTests" name="postPet" time="4.675"/>
</testsuite> <!-- api.tests.PetTests -->
