<?xml version="1.0" encoding="UTF-8"?>
<!-- Generated by org.testng.reporters.JUnitReportReporter -->
<testsuite hostname="ASHKOL" failures="0" tests="4" name="api.tests.StoreTests" time="8.655" errors="0" timestamp="2025-08-29T14:19:55 IST" skipped="0">
  <testcase classname="api.tests.StoreTests" name="getOrders" time="3.461"/>
  <testcase classname="api.tests.StoreTests" name="createOrder" time="2.019"/>
  <testcase classname="api.tests.StoreTests" name="getOrder" time="1.577"/>
  <testcase classname="api.tests.StoreTests" name="deleteOrder" time="1.598"/>
</testsuite> <!-- api.tests.StoreTests -->
