<?xml version="1.0" encoding="UTF-8"?>
<!-- Generated by org.testng.reporters.JUnitReportReporter -->
<testsuite hostname="ASHKOL" failures="0" tests="6" name="api.tests.DdUserTests" time="9.133" errors="0" timestamp="2025-08-21T15:45:41 IST" skipped="0">
  <testcase classname="api.tests.DdUserTests" name="creatUsers" time="1.454"/>
  <testcase classname="api.tests.DdUserTests" name="creatUsers" time="1.567"/>
  <testcase classname="api.tests.DdUserTests" name="creatUsers" time="1.559"/>
  <testcase classname="api.tests.DdUserTests" name="getUsers" time="1.610"/>
  <testcase classname="api.tests.DdUserTests" name="getUsers" time="1.468"/>
  <testcase classname="api.tests.DdUserTests" name="getUsers" time="1.475"/>
</testsuite> <!-- api.tests.DdUserTests -->
