<?xml version="1.0" encoding="UTF-8"?>
<!-- Generated by org.testng.reporters.JUnitReportReporter -->
<testsuite hostname="ASHKOL" failures="0" tests="1" name="api.tests.UserTests" time="4.228" errors="0" timestamp="2025-08-18T17:51:50 IST" skipped="0">
  <testcase classname="api.tests.UserTests" name="createUser" time="4.228"/>
</testsuite> <!-- api.tests.UserTests -->
