<?xml version="1.0" encoding="UTF-8"?>
<!-- Generated by org.testng.reporters.JUnitReportReporter -->
<testsuite hostname="ASHKOL" failures="0" tests="4" name="api.tests.UserTests" time="14.554" errors="0" timestamp="2025-08-19T22:55:28 IST" skipped="0">
  <testcase classname="api.tests.UserTests" name="createUser" time="4.663"/>
  <testcase classname="api.tests.UserTests" name="getUser" time="5.191"/>
  <testcase classname="api.tests.UserTests" name="updateUser" time="3.160"/>
  <testcase classname="api.tests.UserTests" name="deleteUser" time="1.540"/>
</testsuite> <!-- api.tests.UserTests -->
