<?xml version="1.0" encoding="UTF-8"?>
<!-- Generated by org.testng.reporters.JUnitReportReporter -->
<testsuite hostname="ASHKOL" failures="0" tests="4" name="api.tests.UserTests" time="12.943" errors="0" timestamp="2025-08-21T15:45:41 IST" skipped="0">
  <testcase classname="api.tests.UserTests" name="createUser" time="3.819"/>
  <testcase classname="api.tests.UserTests" name="getUser" time="4.742"/>
  <testcase classname="api.tests.UserTests" name="updateUser" time="2.931"/>
  <testcase classname="api.tests.UserTests" name="deleteUser" time="1.451"/>
</testsuite> <!-- api.tests.UserTests -->
