<?xml version="1.0" encoding="UTF-8"?>
<!-- Generated by org.testng.reporters.JUnitReportReporter -->
<testsuite hostname="ASHKOL" failures="0" tests="6" name="api.tests.DdUserTests" time="9.481" errors="0" timestamp="2025-08-23T15:08:19 IST" skipped="0">
  <testcase classname="api.tests.DdUserTests" name="creatUsers" time="1.614"/>
  <testcase classname="api.tests.DdUserTests" name="creatUsers" time="1.587"/>
  <testcase classname="api.tests.DdUserTests" name="creatUsers" time="1.561"/>
  <testcase classname="api.tests.DdUserTests" name="getUsers" time="1.618"/>
  <testcase classname="api.tests.DdUserTests" name="getUsers" time="1.579"/>
  <testcase classname="api.tests.DdUserTests" name="getUsers" time="1.522"/>
</testsuite> <!-- api.tests.DdUserTests -->
