<?xml version="1.0" encoding="UTF-8"?>
<!-- Generated by org.testng.reporters.JUnitReportReporter -->
<testsuite hostname="ASHKOL" failures="0" tests="6" name="api.tests.DdUserTests" time="14.330" errors="0" timestamp="2025-08-22T23:36:42 IST" skipped="0">
  <testcase classname="api.tests.DdUserTests" name="creatUsers" time="1.541"/>
  <testcase classname="api.tests.DdUserTests" name="creatUsers" time="1.564"/>
  <testcase classname="api.tests.DdUserTests" name="creatUsers" time="1.563"/>
  <testcase classname="api.tests.DdUserTests" name="getUsers" time="1.508"/>
  <testcase classname="api.tests.DdUserTests" name="getUsers" time="4.097"/>
  <testcase classname="api.tests.DdUserTests" name="getUsers" time="4.057"/>
</testsuite> <!-- api.tests.DdUserTests -->
