<?xml version="1.0" encoding="UTF-8"?>
<!-- Generated by org.testng.reporters.JUnitReportReporter -->
<testsuite hostname="ASHKOL" failures="0" tests="4" name="api.tests.UserTests" time="10.638" errors="0" timestamp="2025-08-22T23:36:42 IST" skipped="0">
  <testcase classname="api.tests.UserTests" name="createUser" time="3.655"/>
  <testcase classname="api.tests.UserTests" name="getUser" time="2.402"/>
  <testcase classname="api.tests.UserTests" name="updateUser" time="3.093"/>
  <testcase classname="api.tests.UserTests" name="deleteUser" time="1.488"/>
</testsuite> <!-- api.tests.UserTests -->
